終端機在文法中未使用

   ADD
   SUB
   MUL
   DIV
   MOD
   INC
   DEC
   MT
   LT
   MTE
   LTE
   EQ
   NE
   ASGN
   ADDASGN
   SUBASGN
   MULASGN
   DIVASGN
   MODASGN
   AND
   OR
   NOT
   LB
   RB
   LCB
   RCB
   LSB
   RSB
   COMMA
   SEMICOLON
   PRINT
   IF
   ELSE
   WHILE
   INT
   FLOAT
   VOID
   BOOL
   TRUE
   FALSE
   RET
   CONT
   BREAK
   ID
   NEWLINE
   QUOTA
   FOR
   I_CONST
   F_CONST
   STRING


規則由於衝突而在剖析器中無用

    4 declaration: %empty


狀態 1 衝突：1 項偏移/縮減


文法

    0 $accept: program $end

    1 program: program stat
    2        | %empty

    3 stat: declaration

    4 declaration: %empty


終結語詞，附有它們出現處的規則

$end (0) 0
error (256)
ADD (258)
SUB (259)
MUL (260)
DIV (261)
MOD (262)
INC (263)
DEC (264)
MT (265)
LT (266)
MTE (267)
LTE (268)
EQ (269)
NE (270)
ASGN (271)
ADDASGN (272)
SUBASGN (273)
MULASGN (274)
DIVASGN (275)
MODASGN (276)
AND (277)
OR (278)
NOT (279)
LB (280)
RB (281)
LCB (282)
RCB (283)
LSB (284)
RSB (285)
COMMA (286)
SEMICOLON (287)
PRINT (288)
IF (289)
ELSE (290)
WHILE (291)
INT (292)
FLOAT (293)
VOID (294)
BOOL (295)
TRUE (296)
FALSE (297)
RET (298)
CONT (299)
BREAK (300)
ID (301)
NEWLINE (302)
QUOTA (303)
FOR (304)
I_CONST (305)
F_CONST (306)
STRING (307)


非終結語詞，附有它們出現處的規則

$accept (53)
    於左側： 0
program (54)
    於左側： 1 2, 於右側： 0 1
stat (55)
    於左側： 3, 於右側： 1
declaration (56)
    於左側： 4, 於右側： 3


狀態 0

    0 $accept: . program $end

    $預設  使用規則 2 以縮減 (program)

    program  進入狀態 1


狀態 1

    0 $accept: program . $end
    1 program: program . stat

    $end  偏移，並進入狀態 2

    $end  [使用規則 4 以縮減 (declaration)]

    stat         進入狀態 3
    declaration  進入狀態 4


狀態 2

    0 $accept: program $end .

    $預設  接受


狀態 3

    1 program: program stat .

    $預設  使用規則 1 以縮減 (program)


狀態 4

    3 stat: declaration .

    $預設  使用規則 3 以縮減 (stat)
